<?xml version="1.0" encoding="UTF-8"?>
<!-- Generated by org.testng.reporters.JUnitReportReporter -->
<testsuite hostname="LAPTOP-I42TTBGV" failures="0" tests="1" name="com.itlearn.testcases.LLogintest" time="0.043" errors="0" timestamp="2024-06-23T21:54:28 EDT" skipped="0">
  <testcase classname="com.itlearn.testcases.LLogintest" name="verify" time="0.043"/>
</testsuite> <!-- com.itlearn.testcases.LLogintest -->
