<?xml version="1.0" encoding="UTF-8"?>
<!-- Generated by org.testng.reporters.JUnitReportReporter -->
<testsuite hostname="LAPTOP-I42TTBGV" failures="0" tests="2" name="testNGpackcage.Timeout" time="0.923" errors="0" timestamp="2024-03-28T10:04:00 EDT" skipped="0">
  <testcase classname="testNGpackcage.Timeout" name="waitFor2Seconds" time="0.904"/>
  <system-out/>
  <testcase classname="testNGpackcage.Timeout" name="simplePrint" time="0.019"/>
  <system-out/>
</testsuite> <!-- testNGpackcage.Timeout -->
