<?xml version="1.0" encoding="UTF-8"?>
<!-- Generated by org.testng.reporters.JUnitReportReporter -->
<testsuite hostname="LAPTOP-I42TTBGV" failures="0" tests="1" name="testNGpackcage.Automatemultiplecases" time="5.679" errors="0" timestamp="2024-03-26T10:15:50 EDT" skipped="0">
  <testcase classname="testNGpackcage.Automatemultiplecases" name="performLogin" time="5.679"/>
  <system-out/>
</testsuite> <!-- testNGpackcage.Automatemultiplecases -->
