<?xml version="1.0" encoding="UTF-8"?>
<!-- Generated by org.testng.reporters.JUnitReportReporter -->
<testsuite hostname="LAPTOP-I42TTBGV" failures="0" tests="2" name="testNGpackcage.Loginlandingpage" time="7.931" errors="0" timestamp="2024-03-28T09:49:44 EDT" skipped="0">
  <testcase classname="testNGpackcage.Loginlandingpage" name="assertHomePage" time="2.043"/>
  <system-out/>
  <testcase classname="testNGpackcage.Loginlandingpage" name="performLogin" time="5.888"/>
  <system-out/>
</testsuite> <!-- testNGpackcage.Loginlandingpage -->
