<?xml version="1.0" encoding="UTF-8"?>
<!-- Generated by org.testng.reporters.JUnitReportReporter -->
<testsuite hostname="LAPTOP-I42TTBGV" failures="0" tests="3" name="javapackage.Priorityclass" time="50.520" errors="0" timestamp="2024-03-26T09:33:09 EDT" skipped="0">
  <testcase classname="javapackage.Priorityclass" name="openingYahooSite" time="19.830"/>
  <system-out/>
  <testcase classname="javapackage.Priorityclass" name="openingAmazonSite" time="18.213"/>
  <system-out/>
  <testcase classname="javapackage.Priorityclass" name="openingCnbcSite" time="12.477"/>
  <system-out/>
</testsuite> <!-- javapackage.Priorityclass -->
