<?xml version="1.0" encoding="UTF-8"?>
<!-- Generated by org.testng.reporters.JUnitReportReporter -->
<testsuite hostname="LAPTOP-I42TTBGV" failures="0" tests="3" name="testNGpackcage.Dataproviderclass" time="26.038" errors="0" timestamp="2024-04-02T10:06:07 EDT" skipped="0">
  <testcase classname="testNGpackcage.Dataproviderclass" name="checking" time="8.705"/>
  <system-out/>
  <testcase classname="testNGpackcage.Dataproviderclass" name="checking" time="8.098"/>
  <system-out/>
  <testcase classname="testNGpackcage.Dataproviderclass" name="checking" time="9.235"/>
  <system-out/>
</testsuite> <!-- testNGpackcage.Dataproviderclass -->
