<?xml version="1.0" encoding="UTF-8"?>
<!-- Generated by org.testng.reporters.JUnitReportReporter -->
<testsuite hostname="LAPTOP-I42TTBGV" failures="0" tests="1" name="testNGpackcage.NewTest" time="0.007" errors="0" timestamp="2024-05-29T19:28:31 EDT" skipped="0">
  <testcase classname="testNGpackcage.NewTest" name="f" time="0.007"/>
  <system-out/>
</testsuite> <!-- testNGpackcage.NewTest -->
